[2025-08-25 08:24:23] [INFO] POST data: []
[2025-08-25 08:24:23] [INFO] FILES data: []
[2025-08-25 08:45:10] [INFO] Program created: rtyuio
[2025-08-25 09:16:58] [INFO] Program created: rtyuio
[2025-08-25 09:29:11] [ERROR] Failed to update program ID 2: SQLSTATE[23000]: Integrity constraint violation: 1048 Column 'title' cannot be null
[2025-08-25 09:33:46] [ERROR] Failed to update program ID 2: SQLSTATE[23000]: Integrity constraint violation: 1048 Column 'title' cannot be null
[2025-08-25 09:36:14] [INFO] Program created: rtyuio
[2025-08-25 09:45:22] [INFO] Program created: rtyuio
[2025-08-25 09:45:58] [INFO] Program created: rtyuioghjk
[2025-08-25 09:54:59] [INFO] Program deleted: ID 5
[2025-08-25 10:09:49] [INFO] Program created: rtyuio
[2025-08-25 10:46:08] [INFO] News created: srtgyhj
[2025-08-25 10:56:53] [INFO] News created: sdfghj
[2025-08-25 11:00:50] [INFO] News deleted: ID 2
[2025-08-25 11:01:14] [INFO] News deleted: ID 1
[2025-08-25 11:31:38] [INFO] Partner created: uploads/partners/1756121498_partener.png
[2025-08-25 11:32:35] [INFO] Partner created: uploads/partners/1756121555_partener.png
[2025-08-25 11:34:25] [INFO] Partner created: uploads/partners/1756121665_partener.png
[2025-08-25 11:35:03] [INFO] Partner created: uploads/partners/1756121703_partener.png
[2025-08-25 11:36:27] [INFO] Partner deleted: ID 2
[2025-08-25 11:49:22] [INFO] Partner created: uploads/partners/1756122562_partener.png
[2025-08-25 12:03:45] [INFO] News created: sertyu
[2025-08-25 18:42:12] [INFO] Program created: Fight Poverty Programs & Services
[2025-08-25 18:44:48] [INFO] Partner created: uploads/partners/1756147488_partener.png
[2025-08-25 18:45:49] [INFO] News created: Tuesday Tips: Being Realistic With Your Goals
[2025-08-25 19:15:30] [INFO] Program updated: ID 1
[2025-08-25 19:15:32] [INFO] Program updated: ID 1
[2025-08-25 19:15:34] [INFO] Program updated: ID 1
[2025-08-25 19:15:34] [INFO] Program updated: ID 1
[2025-08-25 19:15:35] [INFO] Program updated: ID 1
[2025-08-25 19:15:35] [INFO] Program updated: ID 1
[2025-08-25 19:22:40] [INFO] Program created: Fight Poverty Programs & Services
[2025-08-25 19:23:16] [INFO] Program updated: ID 1
[2025-08-25 19:35:32] [INFO] Program created: Fight Poverty <br> Programs & Services
[2025-08-25 19:35:57] [INFO] Program deleted: ID 2
[2025-08-25 19:36:02] [INFO] Program deleted: ID 1
[2025-08-25 20:07:53] [INFO] Program created: Fight Poverty <br> Programs & Services
[2025-08-25 20:07:56] [INFO] Program created: Fight Poverty <br> Programs & Services
[2025-08-25 20:07:56] [INFO] Program created: Fight Poverty <br> Programs & Services
[2025-08-25 20:07:59] [INFO] Program created: Fight Poverty <br> Programs & Services
[2025-08-25 20:08:00] [INFO] Program created: Fight Poverty <br> Programs & Services
[2025-08-25 20:09:23] [INFO] Program created: Fight Poverty <br> Programs & Services
[2025-08-25 20:09:24] [INFO] Program created: Fight Poverty <br> Programs & Services
[2025-08-25 20:10:16] [INFO] Partner created: uploads/partners/1756152616_partener.png
[2025-08-25 20:10:18] [INFO] Partner created: uploads/partners/1756152618_partener.png
[2025-08-25 20:10:18] [INFO] Partner created: uploads/partners/1756152618_partener.png
[2025-08-25 20:10:18] [INFO] Partner created: uploads/partners/1756152618_partener.png
[2025-08-25 20:10:55] [INFO] Program deleted: ID 9
[2025-08-25 20:10:58] [INFO] Program deleted: ID 8
[2025-08-25 20:11:54] [INFO] Program created: Fight Poverty <br> Programs & Services
[2025-08-25 20:13:41] [INFO] Program created: Fight Poverty <br> Programs & Services
[2025-08-25 20:13:42] [INFO] Program created: Fight Poverty <br> Programs & Services
[2025-08-25 20:14:05] [INFO] Program deleted: ID 12
[2025-08-26 10:24:15] [INFO] News created: dhtfujyik
[2025-08-26 10:56:19] [INFO] Program updated: ID 11
[2025-08-26 10:56:39] [INFO] Program deleted: ID 11
[2025-08-26 11:01:29] [INFO] Program deleted: ID 10
[2025-08-26 11:01:45] [INFO] Program deleted: ID 7
[2025-08-26 11:01:51] [INFO] Program deleted: ID 6
[2025-08-26 11:02:34] [INFO] Program deleted: ID 5
[2025-08-26 11:16:04] [INFO] Program deleted: ID 4
[2025-08-26 11:25:31] [INFO] Program deleted: ID 3
[2025-08-26 11:25:43] [INFO] Program updated: ID 13
[2025-08-26 11:26:03] [INFO] News deleted: ID 2
[2025-08-26 17:25:33] [INFO] Program updated: ID 13
